1784564758.623259
1784564775.537276
1784564792.624163
1784564809.64464
1784564836.658882
1784564863.648942
1784564880.57537
1784564897.658211
1784564914.566803
1784564931.623677
1784564948.580615
1784564975.663039
1784565002.628646
1784565019.617312
1784565036.559478
1784565053.623537
1784565070.567847
1784565087.620463
1784565114.625178
1784565141.62347
1784565158.63065
1784565175.668157
1784565192.561762
1784565209.642725
1784565226.539425
1784565253.58717
1784565280.683693
1784565297.579625
1784565314.590204
1784565331.56015
1784565348.558758
1784565365.624735
1784565392.702006
1784565419.610643
1784565436.554722
1784565453.666655
1784565470.651913
1784565487.62822
1784565504.580122
1784565531.576221
