14:56:30 interrupt fired: msg='[Pasted text #1: 7 lines → /foreverbox_data/profiles/leon/pa', children=0, parent._interrupt=True
14:56:30 ENTER: queued interrupt msg='[Pasted text #1: 7 lines → /foreverbox_data/profiles/leon/pa', agent_running=True
15:06:22 ENTER: queued interrupt msg='I have not uploaded the docs yet', agent_running=True
15:06:22 interrupt fired: msg='I have not uploaded the docs yet', children=0, parent._interrupt=True
15:16:31 ENTER: queued interrupt msg='here is the url https://hermes-agent.nousresearch.com/docs/u', agent_running=True
15:16:31 interrupt fired: msg='here is the url https://hermes-agent.nousresearch.com/docs/u', children=0, parent._interrupt=True
16:17:42 ENTER: queued interrupt msg="don't worry about finding the original I have a copy before ", agent_running=True
16:17:42 interrupt fired: msg="don't worry about finding the original I have a copy before ", children=0, parent._interrupt=True
18:53:47 interrupt fired: msg='ok so proceed with that plan then.', children=0, parent._interrupt=True
18:53:47 ENTER: queued interrupt msg='ok so proceed with that plan then.', agent_running=True
19:02:54 interrupt fired: msg='in you rthinking you said the other 190 files', children=0, parent._interrupt=True
19:02:54 ENTER: queued interrupt msg='in you rthinking you said the other 190 files', agent_running=True
19:03:04 ENTER: queued interrupt msg='there are not 190 files', agent_running=True
19:03:04 interrupt fired: msg='there are not 190 files', children=0, parent._interrupt=True
19:03:36 interrupt fired: msg='what exactly are thise files', children=0, parent._interrupt=True
19:03:36 ENTER: queued interrupt msg='what exactly are thise files', agent_running=True
19:04:07 ENTER: queued interrupt msg='what exactly are you doing I have not told you to proceed wi', agent_running=True
19:04:07 interrupt fired: msg='what exactly are you doing I have not told you to proceed wi', children=0, parent._interrupt=True
21:09:39 ENTER: queued interrupt msg='yes there are no council-skills that are exclusive to one ag', agent_running=True
21:09:39 interrupt fired: msg='yes there are no council-skills that are exclusive to one ag', children=0, parent._interrupt=True
13:00:05 ENTER: queued interrupt msg='where is the fbox git hub skill stored?', agent_running=True
13:00:05 interrupt fired: msg='where is the fbox git hub skill stored?', children=0, parent._interrupt=True
